
> server@1.0.0 start
> node dist/server.js

(node:12144) [MODULE_TYPELESS_PACKAGE_JSON] Warning: Module type of file:///C:/Abdul%20Barik/SoftVence/live-call/server/dist/server.js is not specified and it doesn't parse as CommonJS.
Reparsing as ES module because module syntax was detected. This incurs a performance overhead.
To eliminate this warning, add "type": "module" to C:\Abdul Barik\SoftVence\live-call\server\package.json.
(Use `node --trace-warnings ...` to show where the warning was created)
node:events:487
      throw er; // Unhandled 'error' event
      ^

Error: listen EADDRINUSE: address already in use :::5000
    at Server.setupListenHandle [as _listen2] (node:net:2008:16)
    at listenInCluster (node:net:2065:12)
    at Server.listen (node:net:2170:7)
    at file:///C:/Abdul%20Barik/SoftVence/live-call/server/dist/server.js:256:12
    at ModuleJob.run (node:internal/modules/esm/module_job:437:25)
    at process.processTicksAndRejections (node:internal/process/task_queues:104:5)
    at async node:internal/modules/esm/loader:639:26
    at async asyncRunEntryPointWithUser connected: EgGvOAtfQe00PJ_2AAAB
User registered: asa (88956609-4c4d-4fa8-999e-dc7fe5af16ea)
Message from asa: hi
User connected: WyMB544Ch0tYY-9tAAAD
User registered: asa (2f526f86-c558-416c-baf9-1308cb15410a)
Message from asa: hi
WebRTC offer from asa to asa
WebRTC offer from asa to asa
WebRTC offer from asa to asa
WebRTC offer from asa to asa
WebRTC offer from asa to asa
WebRTC offer from asa to asa
User disconnected: asa
User disconnected: asa
User connected: W03mEqsJQLy68JULAAAP
User registered: asa (9506edc8-8136-4a1e-a05d-eee0683c9b35)
User connected: TMFZLKYjPLZO7E10AAAR
User registered: asa (da872585-f041-40f3-aec4-affd171b711d)
Message from asa: hi
WebRTC offer from asa to asa
WebRTC offer from asa to asa
WebRTC offer from asa to asa
WebRTC offer from asa to asa
User disconnected: asa
User disconnected: asa
